<?xml version="1.0" encoding="UTF-8"?>
<testsuite name="dungeonmania.mvp.DoorsKeysTest" tests="7" skipped="0" failures="0" errors="0" timestamp="2023-11-10T05:58:41" hostname="192-168-1-110.tpgi.com.au" time="0.089">
  <properties/>
  <testcase name="Test player can pick up a key and add to inventory" classname="dungeonmania.mvp.DoorsKeysTest" time="0.013"/>
  <testcase name="Test player cannot pickup two keys at the same time" classname="dungeonmania.mvp.DoorsKeysTest" time="0.013"/>
  <testcase name="Test player can use a key to open and walk through a door" classname="dungeonmania.mvp.DoorsKeysTest" time="0.012"/>
  <testcase name="Test player cannot walk through a closed door" classname="dungeonmania.mvp.DoorsKeysTest" time="0.013"/>
  <testcase name="Test doors remain open and the player can move through the door without a key" classname="dungeonmania.mvp.DoorsKeysTest" time="0.012"/>
  <testcase name="Test player cannot open a door with the wrong key" classname="dungeonmania.mvp.DoorsKeysTest" time="0.013"/>
  <testcase name="Test player can pick up a second key after using the first" classname="dungeonmania.mvp.DoorsKeysTest" time="0.013"/>
  <system-out><![CDATA[]]></system-out>
  <system-err><![CDATA[[Test worker] INFO org.reflections.Reflections - Reflections took 6 ms to scan 2 urls, producing 124 keys and 124 values
[Test worker] INFO org.reflections.Reflections - Reflections took 5 ms to scan 2 urls, producing 117 keys and 117 values
[Test worker] INFO org.reflections.Reflections - Reflections took 6 ms to scan 2 urls, producing 124 keys and 124 values
[Test worker] INFO org.reflections.Reflections - Reflections took 5 ms to scan 2 urls, producing 117 keys and 117 values
[Test worker] INFO org.reflections.Reflections - Reflections took 5 ms to scan 2 urls, producing 124 keys and 124 values
[Test worker] INFO org.reflections.Reflections - Reflections took 6 ms to scan 2 urls, producing 117 keys and 117 values
[Test worker] INFO org.reflections.Reflections - Reflections took 6 ms to scan 2 urls, producing 124 keys and 124 values
[Test worker] INFO org.reflections.Reflections - Reflections took 6 ms to scan 2 urls, producing 117 keys and 117 values
[Test worker] INFO org.reflections.Reflections - Reflections took 5 ms to scan 2 urls, producing 124 keys and 124 values
[Test worker] INFO org.reflections.Reflections - Reflections took 5 ms to scan 2 urls, producing 117 keys and 117 values
[Test worker] INFO org.reflections.Reflections - Reflections took 6 ms to scan 2 urls, producing 124 keys and 124 values
[Test worker] INFO org.reflections.Reflections - Reflections took 6 ms to scan 2 urls, producing 117 keys and 117 values
[Test worker] INFO org.reflections.Reflections - Reflections took 6 ms to scan 2 urls, producing 124 keys and 124 values
[Test worker] INFO org.reflections.Reflections - Reflections took 6 ms to scan 2 urls, producing 117 keys and 117 values
]]></system-err>
</testsuite>
