<?xml version="1.0" encoding="UTF-8"?>
<testsuite name="dungeonmania.mvp.BasicGoalsTest" tests="7" skipped="0" failures="0" errors="0" timestamp="2023-11-10T05:58:42" hostname="192-168-1-110.tpgi.com.au" time="0.091">
  <properties/>
  <testcase name="Test achieving an enemy goal with no enemies and 1 spawner" classname="dungeonmania.mvp.BasicGoalsTest" time="0.013"/>
  <testcase name="Test achieving a basic exit goal" classname="dungeonmania.mvp.BasicGoalsTest" time="0.015"/>
  <testcase name="Test achieving a boulders goal where there are five switches" classname="dungeonmania.mvp.BasicGoalsTest" time="0.012"/>
  <testcase name="Test achieving a basic treasure goal" classname="dungeonmania.mvp.BasicGoalsTest" time="0.012"/>
  <testcase name="Test achieving a basic boulders goal" classname="dungeonmania.mvp.BasicGoalsTest" time="0.013"/>
  <testcase name="Test achieving an enemy goal with 3 enemies and 1 spawner" classname="dungeonmania.mvp.BasicGoalsTest" time="0.012"/>
  <testcase name="Test achieving an enemy goal with no spawners and 1 enemy" classname="dungeonmania.mvp.BasicGoalsTest" time="0.013"/>
  <system-out><![CDATA[]]></system-out>
  <system-err><![CDATA[[Test worker] INFO org.reflections.Reflections - Reflections took 6 ms to scan 2 urls, producing 124 keys and 124 values
[Test worker] INFO org.reflections.Reflections - Reflections took 5 ms to scan 2 urls, producing 117 keys and 117 values
[Test worker] INFO org.reflections.Reflections - Reflections took 6 ms to scan 2 urls, producing 124 keys and 124 values
[Test worker] INFO org.reflections.Reflections - Reflections took 7 ms to scan 2 urls, producing 117 keys and 117 values
[Test worker] INFO org.reflections.Reflections - Reflections took 5 ms to scan 2 urls, producing 124 keys and 124 values
[Test worker] INFO org.reflections.Reflections - Reflections took 5 ms to scan 2 urls, producing 117 keys and 117 values
[Test worker] INFO org.reflections.Reflections - Reflections took 5 ms to scan 2 urls, producing 124 keys and 124 values
[Test worker] INFO org.reflections.Reflections - Reflections took 5 ms to scan 2 urls, producing 117 keys and 117 values
[Test worker] INFO org.reflections.Reflections - Reflections took 6 ms to scan 2 urls, producing 124 keys and 124 values
[Test worker] INFO org.reflections.Reflections - Reflections took 6 ms to scan 2 urls, producing 117 keys and 117 values
[Test worker] INFO org.reflections.Reflections - Reflections took 5 ms to scan 2 urls, producing 124 keys and 124 values
[Test worker] INFO org.reflections.Reflections - Reflections took 5 ms to scan 2 urls, producing 117 keys and 117 values
[Test worker] INFO org.reflections.Reflections - Reflections took 6 ms to scan 2 urls, producing 124 keys and 124 values
[Test worker] INFO org.reflections.Reflections - Reflections took 5 ms to scan 2 urls, producing 117 keys and 117 values
]]></system-err>
</testsuite>
