<?xml version="1.0" encoding="UTF-8"?>
<testsuite name="dungeonmania.mvp.InterfaceTest" tests="2" skipped="0" failures="0" errors="0" timestamp="2023-11-10T05:58:41" hostname="192-168-1-110.tpgi.com.au" time="0.018">
  <properties/>
  <testcase name="Testing newGame interface method, normal operation" classname="dungeonmania.mvp.InterfaceTest" time="0.012"/>
  <testcase name="Testing newGame on a nonexistent dungeon" classname="dungeonmania.mvp.InterfaceTest" time="0.006"/>
  <system-out><![CDATA[]]></system-out>
  <system-err><![CDATA[[Test worker] INFO org.reflections.Reflections - Reflections took 5 ms to scan 2 urls, producing 124 keys and 124 values
[Test worker] INFO org.reflections.Reflections - Reflections took 5 ms to scan 2 urls, producing 117 keys and 117 values
[Test worker] INFO org.reflections.Reflections - Reflections took 6 ms to scan 2 urls, producing 124 keys and 124 values
]]></system-err>
</testsuite>
