<?xml version="1.0" encoding="UTF-8"?>
<testsuite name="dungeonmania.mvp.SpiderTest" tests="6" skipped="0" failures="0" errors="0" timestamp="2023-11-10T05:58:41" hostname="192-168-1-110.tpgi.com.au" time="0.105">
  <properties/>
  <testcase name="Test spiders can traverse through switches, doors and exits" classname="dungeonmania.mvp.SpiderTest" time="0.012"/>
  <testcase name="Test spiders can traverse through walls" classname="dungeonmania.mvp.SpiderTest" time="0.011"/>
  <testcase name="Test basic movement of spiders" classname="dungeonmania.mvp.SpiderTest" time="0.012"/>
  <testcase name="Test spider_spawn_interval = 1, 5, 10 in config file" classname="dungeonmania.mvp.SpiderTest" time="0.044"/>
  <testcase name="Test spiders cannot move through boulders and reverses direction" classname="dungeonmania.mvp.SpiderTest" time="0.013"/>
  <testcase name="Test spider_spawn_interval = 0 in config file" classname="dungeonmania.mvp.SpiderTest" time="0.012"/>
  <system-out><![CDATA[]]></system-out>
  <system-err><![CDATA[[Test worker] INFO org.reflections.Reflections - Reflections took 6 ms to scan 2 urls, producing 124 keys and 124 values
[Test worker] INFO org.reflections.Reflections - Reflections took 5 ms to scan 2 urls, producing 117 keys and 117 values
[Test worker] INFO org.reflections.Reflections - Reflections took 5 ms to scan 2 urls, producing 124 keys and 124 values
[Test worker] INFO org.reflections.Reflections - Reflections took 5 ms to scan 2 urls, producing 117 keys and 117 values
[Test worker] INFO org.reflections.Reflections - Reflections took 6 ms to scan 2 urls, producing 124 keys and 124 values
[Test worker] INFO org.reflections.Reflections - Reflections took 5 ms to scan 2 urls, producing 117 keys and 117 values
[Test worker] INFO org.reflections.Reflections - Reflections took 5 ms to scan 2 urls, producing 124 keys and 124 values
[Test worker] INFO org.reflections.Reflections - Reflections took 4 ms to scan 2 urls, producing 117 keys and 117 values
[Test worker] INFO org.reflections.Reflections - Reflections took 6 ms to scan 2 urls, producing 124 keys and 124 values
[Test worker] INFO org.reflections.Reflections - Reflections took 5 ms to scan 2 urls, producing 117 keys and 117 values
[Test worker] INFO org.reflections.Reflections - Reflections took 5 ms to scan 2 urls, producing 124 keys and 124 values
[Test worker] INFO org.reflections.Reflections - Reflections took 5 ms to scan 2 urls, producing 117 keys and 117 values
[Test worker] INFO org.reflections.Reflections - Reflections took 6 ms to scan 2 urls, producing 124 keys and 124 values
[Test worker] INFO org.reflections.Reflections - Reflections took 5 ms to scan 2 urls, producing 117 keys and 117 values
[Test worker] INFO org.reflections.Reflections - Reflections took 6 ms to scan 2 urls, producing 124 keys and 124 values
[Test worker] INFO org.reflections.Reflections - Reflections took 5 ms to scan 2 urls, producing 117 keys and 117 values
]]></system-err>
</testsuite>
