<?xml version="1.0" encoding="UTF-8"?>
<testsuite name="dungeonmania.mvp.BouldersTest" tests="3" skipped="0" failures="0" errors="0" timestamp="2023-11-10T05:58:41" hostname="192-168-1-110.tpgi.com.au" time="0.038">
  <properties/>
  <testcase name="Test the player is unable to push two boulders" classname="dungeonmania.mvp.BouldersTest" time="0.012"/>
  <testcase name="Test pushing a boulder" classname="dungeonmania.mvp.BouldersTest" time="0.013"/>
  <testcase name="Test attempting to push a boulder into a wall" classname="dungeonmania.mvp.BouldersTest" time="0.013"/>
  <system-out><![CDATA[]]></system-out>
  <system-err><![CDATA[[Test worker] INFO org.reflections.Reflections - Reflections took 5 ms to scan 2 urls, producing 124 keys and 124 values
[Test worker] INFO org.reflections.Reflections - Reflections took 5 ms to scan 2 urls, producing 117 keys and 117 values
[Test worker] INFO org.reflections.Reflections - Reflections took 6 ms to scan 2 urls, producing 124 keys and 124 values
[Test worker] INFO org.reflections.Reflections - Reflections took 6 ms to scan 2 urls, producing 117 keys and 117 values
[Test worker] INFO org.reflections.Reflections - Reflections took 6 ms to scan 2 urls, producing 124 keys and 124 values
[Test worker] INFO org.reflections.Reflections - Reflections took 5 ms to scan 2 urls, producing 117 keys and 117 values
]]></system-err>
</testsuite>
