<?xml version="1.0" encoding="UTF-8"?>
<testsuite name="dungeonmania.mvp.BombTest" tests="8" skipped="0" failures="0" errors="0" timestamp="2023-11-10T05:58:41" hostname="192-168-1-110.tpgi.com.au" time="0.104">
  <properties/>
  <testcase name="Test picking up a bomb removes the bomb from the map and adds the bomb to the inventory" classname="dungeonmania.mvp.BombTest" time="0.013"/>
  <testcase name="Test placing a bomb removes it from the inventory and places it on the map at the character's location" classname="dungeonmania.mvp.BombTest" time="0.013"/>
  <testcase name="Test placing a bomb on a map diagonally adjacent to an active switch will not cause the bomb to detonate" classname="dungeonmania.mvp.BombTest" time="0.013"/>
  <testcase name="Test surrounding entities are removed when placing a bomb next to an active switch with bomb radius set to 2" classname="dungeonmania.mvp.BombTest" time="0.013"/>
  <testcase name="Test surrounding entities are removed when placing a bomb next to an active switch with bomb radius set to 10" classname="dungeonmania.mvp.BombTest" time="0.013"/>
  <testcase name="Test placing a bomb cardinally adjacent to an inactive switch does not cause the bomb to explode" classname="dungeonmania.mvp.BombTest" time="0.013"/>
  <testcase name="Test placing a bomb cardinally adjacent to an active switch, removing surrounding non-player entities" classname="dungeonmania.mvp.BombTest" time="0.013"/>
  <testcase name="Test placing a bomb on a map cardinally adjacent to an inactive switch, and then activating the switch" classname="dungeonmania.mvp.BombTest" time="0.012"/>
  <system-out><![CDATA[]]></system-out>
  <system-err><![CDATA[[Test worker] INFO org.reflections.Reflections - Reflections took 5 ms to scan 2 urls, producing 124 keys and 124 values
[Test worker] INFO org.reflections.Reflections - Reflections took 5 ms to scan 2 urls, producing 117 keys and 117 values
[Test worker] INFO org.reflections.Reflections - Reflections took 5 ms to scan 2 urls, producing 124 keys and 124 values
[Test worker] INFO org.reflections.Reflections - Reflections took 5 ms to scan 2 urls, producing 117 keys and 117 values
[Test worker] INFO org.reflections.Reflections - Reflections took 5 ms to scan 2 urls, producing 124 keys and 124 values
[Test worker] INFO org.reflections.Reflections - Reflections took 5 ms to scan 2 urls, producing 117 keys and 117 values
[Test worker] INFO org.reflections.Reflections - Reflections took 5 ms to scan 2 urls, producing 124 keys and 124 values
[Test worker] INFO org.reflections.Reflections - Reflections took 5 ms to scan 2 urls, producing 117 keys and 117 values
[Test worker] INFO org.reflections.Reflections - Reflections took 6 ms to scan 2 urls, producing 124 keys and 124 values
[Test worker] INFO org.reflections.Reflections - Reflections took 6 ms to scan 2 urls, producing 117 keys and 117 values
[Test worker] INFO org.reflections.Reflections - Reflections took 6 ms to scan 2 urls, producing 124 keys and 124 values
[Test worker] INFO org.reflections.Reflections - Reflections took 6 ms to scan 2 urls, producing 117 keys and 117 values
[Test worker] INFO org.reflections.Reflections - Reflections took 6 ms to scan 2 urls, producing 124 keys and 124 values
[Test worker] INFO org.reflections.Reflections - Reflections took 5 ms to scan 2 urls, producing 117 keys and 117 values
[Test worker] INFO org.reflections.Reflections - Reflections took 5 ms to scan 2 urls, producing 124 keys and 124 values
[Test worker] INFO org.reflections.Reflections - Reflections took 6 ms to scan 2 urls, producing 117 keys and 117 values
]]></system-err>
</testsuite>
