<?xml version="1.0" encoding="UTF-8"?>
<testsuite name="dungeonmania.mvp.PotionsTest" tests="9" skipped="0" failures="0" errors="0" timestamp="2023-11-10T05:58:42" hostname="192-168-1-110.tpgi.com.au" time="0.179">
  <properties/>
  <testcase name="Test invisibility potions cause mercenaries to move randomly" classname="dungeonmania.mvp.PotionsTest" time="0.084"/>
  <testcase name="Test invincibility potions do not change spider movement" classname="dungeonmania.mvp.PotionsTest" time="0.012"/>
  <testcase name="Test the effects of the invincibility potion only last for a limited time" classname="dungeonmania.mvp.PotionsTest" time="0.012"/>
  <testcase name="Test when the effects of a 2nd potion are 'queued'" classname="dungeonmania.mvp.PotionsTest" time="0.012"/>
  <testcase name="Test invincibility potion can be picked up and consumed" classname="dungeonmania.mvp.PotionsTest" time="0.012"/>
  <testcase name="Test invisibility potion can be picked up and consumed" classname="dungeonmania.mvp.PotionsTest" time="0.011"/>
  <testcase name="Test invincibility potion causes zombies to flee" classname="dungeonmania.mvp.PotionsTest" time="0.011"/>
  <testcase name="Test the effects of the invisibility potion only last for a limited time" classname="dungeonmania.mvp.PotionsTest" time="0.012"/>
  <testcase name="Test invincibility potion causes mercenaries to flee" classname="dungeonmania.mvp.PotionsTest" time="0.012"/>
  <system-out><![CDATA[]]></system-out>
  <system-err><![CDATA[[Test worker] INFO org.reflections.Reflections - Reflections took 5 ms to scan 2 urls, producing 124 keys and 124 values
[Test worker] INFO org.reflections.Reflections - Reflections took 4 ms to scan 2 urls, producing 117 keys and 117 values
[Test worker] INFO org.reflections.Reflections - Reflections took 5 ms to scan 2 urls, producing 124 keys and 124 values
[Test worker] INFO org.reflections.Reflections - Reflections took 6 ms to scan 2 urls, producing 117 keys and 117 values
[Test worker] INFO org.reflections.Reflections - Reflections took 5 ms to scan 2 urls, producing 124 keys and 124 values
[Test worker] INFO org.reflections.Reflections - Reflections took 5 ms to scan 2 urls, producing 117 keys and 117 values
[Test worker] INFO org.reflections.Reflections - Reflections took 5 ms to scan 2 urls, producing 124 keys and 124 values
[Test worker] INFO org.reflections.Reflections - Reflections took 5 ms to scan 2 urls, producing 117 keys and 117 values
[Test worker] INFO org.reflections.Reflections - Reflections took 5 ms to scan 2 urls, producing 124 keys and 124 values
[Test worker] INFO org.reflections.Reflections - Reflections took 6 ms to scan 2 urls, producing 117 keys and 117 values
[Test worker] INFO org.reflections.Reflections - Reflections took 5 ms to scan 2 urls, producing 124 keys and 124 values
[Test worker] INFO org.reflections.Reflections - Reflections took 4 ms to scan 2 urls, producing 117 keys and 117 values
[Test worker] INFO org.reflections.Reflections - Reflections took 5 ms to scan 2 urls, producing 124 keys and 124 values
[Test worker] INFO org.reflections.Reflections - Reflections took 5 ms to scan 2 urls, producing 117 keys and 117 values
[Test worker] INFO org.reflections.Reflections - Reflections took 6 ms to scan 2 urls, producing 124 keys and 124 values
[Test worker] INFO org.reflections.Reflections - Reflections took 5 ms to scan 2 urls, producing 117 keys and 117 values
[Test worker] INFO org.reflections.Reflections - Reflections took 5 ms to scan 2 urls, producing 124 keys and 124 values
[Test worker] INFO org.reflections.Reflections - Reflections took 5 ms to scan 2 urls, producing 117 keys and 117 values
]]></system-err>
</testsuite>
