<?xml version="1.0" encoding="UTF-8"?>
<testsuite name="dungeonmania.mvp.ComplexGoalsTest" tests="5" skipped="0" failures="0" errors="0" timestamp="2023-11-10T05:58:42" hostname="192-168-1-110.tpgi.com.au" time="0.062">
  <properties/>
  <testcase name="Testing a switch goal can be achieved and then become unachieved" classname="dungeonmania.mvp.ComplexGoalsTest" time="0.015"/>
  <testcase name="Testing a map with 4 conjunction goal" classname="dungeonmania.mvp.ComplexGoalsTest" time="0.012"/>
  <testcase name="Testing a map with 4 disjunction goal" classname="dungeonmania.mvp.ComplexGoalsTest" time="0.011"/>
  <testcase name="Testing that the exit goal must be achieved last and EXIT and TREASURE" classname="dungeonmania.mvp.ComplexGoalsTest" time="0.012"/>
  <testcase name="Testing that the exit goal must be achieved last in EXIT and TREASURE" classname="dungeonmania.mvp.ComplexGoalsTest" time="0.011"/>
  <system-out><![CDATA[]]></system-out>
  <system-err><![CDATA[[Test worker] INFO org.reflections.Reflections - Reflections took 5 ms to scan 2 urls, producing 124 keys and 124 values
[Test worker] INFO org.reflections.Reflections - Reflections took 5 ms to scan 2 urls, producing 117 keys and 117 values
[Test worker] INFO org.reflections.Reflections - Reflections took 6 ms to scan 2 urls, producing 124 keys and 124 values
[Test worker] INFO org.reflections.Reflections - Reflections took 5 ms to scan 2 urls, producing 117 keys and 117 values
[Test worker] INFO org.reflections.Reflections - Reflections took 5 ms to scan 2 urls, producing 124 keys and 124 values
[Test worker] INFO org.reflections.Reflections - Reflections took 4 ms to scan 2 urls, producing 117 keys and 117 values
[Test worker] INFO org.reflections.Reflections - Reflections took 5 ms to scan 2 urls, producing 124 keys and 124 values
[Test worker] INFO org.reflections.Reflections - Reflections took 5 ms to scan 2 urls, producing 117 keys and 117 values
[Test worker] INFO org.reflections.Reflections - Reflections took 5 ms to scan 2 urls, producing 124 keys and 124 values
[Test worker] INFO org.reflections.Reflections - Reflections took 5 ms to scan 2 urls, producing 117 keys and 117 values
]]></system-err>
</testsuite>
