<?xml version="1.0" encoding="UTF-8"?>
<testsuite name="dungeonmania.mvp.InterfaceTest$TickInterfaceTest" tests="3" skipped="0" failures="0" errors="0" timestamp="2023-11-10T05:58:42" hostname="192-168-1-110.tpgi.com.au" time="0.037">
  <properties/>
  <testcase name="Testing tick interface method, normal operation" classname="dungeonmania.mvp.InterfaceTest$TickInterfaceTest" time="0.012"/>
  <testcase name="Testing tick with an item that is not in the player's inventory" classname="dungeonmania.mvp.InterfaceTest$TickInterfaceTest" time="0.011"/>
  <testcase name="Testing tick with an unusable item in the inventory" classname="dungeonmania.mvp.InterfaceTest$TickInterfaceTest" time="0.012"/>
  <system-out><![CDATA[]]></system-out>
  <system-err><![CDATA[[Test worker] INFO org.reflections.Reflections - Reflections took 5 ms to scan 2 urls, producing 124 keys and 124 values
[Test worker] INFO org.reflections.Reflections - Reflections took 5 ms to scan 2 urls, producing 117 keys and 117 values
[Test worker] INFO org.reflections.Reflections - Reflections took 5 ms to scan 2 urls, producing 124 keys and 124 values
[Test worker] INFO org.reflections.Reflections - Reflections took 5 ms to scan 2 urls, producing 117 keys and 117 values
[Test worker] INFO org.reflections.Reflections - Reflections took 5 ms to scan 2 urls, producing 124 keys and 124 values
[Test worker] INFO org.reflections.Reflections - Reflections took 5 ms to scan 2 urls, producing 117 keys and 117 values
]]></system-err>
</testsuite>
